2023-12-16T02:26:49+00:00 CRITICAL Maximum execution time of 120 seconds exceeded di C:\xampp88\htdocs\ivan2\wp-content\themes\flatsome\inc\woocommerce\structure-wc-conditionals.php pada baris 21

2023-12-16T03:54:28+00:00 CRITICAL Uncaught TypeError: call_user_func(): Argument #1 ($callback) must be a valid callback, function "token" not found or invalid function name in C:\xampp88\htdocs\ivan2\wp-admin\includes\template.php:1836
Stack trace:
#0 C:\xampp88\htdocs\ivan2\wp-admin\includes\template.php(1790): do_settings_fields('prefixs', 'prefix_section_...')
#1 C:\xampp88\htdocs\ivan2\wp-content\plugins\directory_tki\tki.php(54): do_settings_sections('prefixs')
#2 C:\xampp88\htdocs\ivan2\wp-includes\class-wp-hook.php(324): save_page('')
#3 C:\xampp88\htdocs\ivan2\wp-includes\class-wp-hook.php(348): WP_Hook->apply_filters('', Array)
#4 C:\xampp88\htdocs\ivan2\wp-includes\plugin.php(517): WP_Hook->do_action(Array)
#5 C:\xampp88\htdocs\ivan2\wp-admin\admin.php(259): do_action('toplevel_page_p...')
#6 {main}
  thrown di C:\xampp88\htdocs\ivan2\wp-admin\includes\template.php pada baris 1836

2023-12-16T04:00:48+00:00 CRITICAL Uncaught TypeError: call_user_func(): Argument #1 ($callback) must be a valid callback, function "   " not found or invalid function name in C:\xampp88\htdocs\ivan2\wp-admin\includes\template.php:1836
Stack trace:
#0 C:\xampp88\htdocs\ivan2\wp-admin\includes\template.php(1790): do_settings_fields('prefixs', 'prefix_section_...')
#1 C:\xampp88\htdocs\ivan2\wp-content\plugins\directory_tki\tki.php(54): do_settings_sections('prefixs')
#2 C:\xampp88\htdocs\ivan2\wp-includes\class-wp-hook.php(324): save_page('')
#3 C:\xampp88\htdocs\ivan2\wp-includes\class-wp-hook.php(348): WP_Hook->apply_filters('', Array)
#4 C:\xampp88\htdocs\ivan2\wp-includes\plugin.php(517): WP_Hook->do_action(Array)
#5 C:\xampp88\htdocs\ivan2\wp-admin\admin.php(259): do_action('toplevel_page_p...')
#6 {main}
  thrown di C:\xampp88\htdocs\ivan2\wp-admin\includes\template.php pada baris 1836

2023-12-16T04:01:04+00:00 CRITICAL Uncaught TypeError: call_user_func(): Argument #1 ($callback) must be a valid callback, function "   " not found or invalid function name in C:\xampp88\htdocs\ivan2\wp-admin\includes\template.php:1836
Stack trace:
#0 C:\xampp88\htdocs\ivan2\wp-admin\includes\template.php(1790): do_settings_fields('prefixs', 'prefix_section_...')
#1 C:\xampp88\htdocs\ivan2\wp-content\plugins\directory_tki\tki.php(54): do_settings_sections('prefixs')
#2 C:\xampp88\htdocs\ivan2\wp-includes\class-wp-hook.php(324): save_page('')
#3 C:\xampp88\htdocs\ivan2\wp-includes\class-wp-hook.php(348): WP_Hook->apply_filters('', Array)
#4 C:\xampp88\htdocs\ivan2\wp-includes\plugin.php(517): WP_Hook->do_action(Array)
#5 C:\xampp88\htdocs\ivan2\wp-admin\admin.php(259): do_action('toplevel_page_p...')
#6 {main}
  thrown di C:\xampp88\htdocs\ivan2\wp-admin\includes\template.php pada baris 1836

2023-12-16T04:01:08+00:00 CRITICAL Uncaught TypeError: call_user_func(): Argument #1 ($callback) must be a valid callback, function "   " not found or invalid function name in C:\xampp88\htdocs\ivan2\wp-admin\includes\template.php:1836
Stack trace:
#0 C:\xampp88\htdocs\ivan2\wp-admin\includes\template.php(1790): do_settings_fields('prefixs', 'prefix_section_...')
#1 C:\xampp88\htdocs\ivan2\wp-content\plugins\directory_tki\tki.php(54): do_settings_sections('prefixs')
#2 C:\xampp88\htdocs\ivan2\wp-includes\class-wp-hook.php(324): save_page('')
#3 C:\xampp88\htdocs\ivan2\wp-includes\class-wp-hook.php(348): WP_Hook->apply_filters('', Array)
#4 C:\xampp88\htdocs\ivan2\wp-includes\plugin.php(517): WP_Hook->do_action(Array)
#5 C:\xampp88\htdocs\ivan2\wp-admin\admin.php(259): do_action('toplevel_page_p...')
#6 {main}
  thrown di C:\xampp88\htdocs\ivan2\wp-admin\includes\template.php pada baris 1836

